0 info it worked if it ends with ok
1 verbose cli [ '/usr/local/bin/node',
1 verbose cli   '/usr/local/bin/npm',
1 verbose cli   'run',
1 verbose cli   'test-mocha' ]
2 info using npm@3.3.12
3 info using node@v5.4.1
4 verbose run-script [ 'pretest-mocha', 'test-mocha', 'posttest-mocha' ]
5 info lifecycle massis_server@1.0.0~pretest-mocha: massis_server@1.0.0
6 silly lifecycle massis_server@1.0.0~pretest-mocha: no script for pretest-mocha, continuing
7 info lifecycle massis_server@1.0.0~test-mocha: massis_server@1.0.0
8 verbose lifecycle massis_server@1.0.0~test-mocha: unsafe-perm in lifecycle true
9 verbose lifecycle massis_server@1.0.0~test-mocha: PATH: /usr/local/lib/node_modules/npm/bin/node-gyp-bin:/home/jussi/Desktop/massis_server/node_modules/.bin:/usr/local/lib/node_modules/npm/bin/node-gyp-bin:/home/jussi/Desktop/massis_server/node_modules/.bin:/home/jussi/bin:/usr/local/sbin:/usr/local/bin:/usr/sbin:/usr/bin:/sbin:/bin:/usr/games:/usr/local/games:/home/jussi/Desktop/massis_server/node_modules/npm-watch/node_modules/.bin
10 verbose lifecycle massis_server@1.0.0~test-mocha: CWD: /home/jussi/Desktop/massis_server
11 silly lifecycle massis_server@1.0.0~test-mocha: Args: [ '-c', 'mocha' ]
12 silly lifecycle massis_server@1.0.0~test-mocha: Returned: code: 2  signal: null
13 info lifecycle massis_server@1.0.0~test-mocha: Failed to exec test-mocha script
14 verbose stack Error: massis_server@1.0.0 test-mocha: `mocha`
14 verbose stack Exit status 2
14 verbose stack     at EventEmitter.<anonymous> (/usr/local/lib/node_modules/npm/lib/utils/lifecycle.js:232:16)
14 verbose stack     at emitTwo (events.js:87:13)
14 verbose stack     at EventEmitter.emit (events.js:172:7)
14 verbose stack     at ChildProcess.<anonymous> (/usr/local/lib/node_modules/npm/lib/utils/spawn.js:24:14)
14 verbose stack     at emitTwo (events.js:87:13)
14 verbose stack     at ChildProcess.emit (events.js:172:7)
14 verbose stack     at maybeClose (internal/child_process.js:821:16)
14 verbose stack     at Process.ChildProcess._handle.onexit (internal/child_process.js:211:5)
15 verbose pkgid massis_server@1.0.0
16 verbose cwd /home/jussi/Desktop/massis_server
17 error Linux 3.16.0-41-generic
18 error argv "/usr/local/bin/node" "/usr/local/bin/npm" "run" "test-mocha"
19 error node v5.4.1
20 error npm  v3.3.12
21 error code ELIFECYCLE
22 error massis_server@1.0.0 test-mocha: `mocha`
22 error Exit status 2
23 error Failed at the massis_server@1.0.0 test-mocha script 'mocha'.
23 error Make sure you have the latest version of node.js and npm installed.
23 error If you do, this is most likely a problem with the massis_server package,
23 error not with npm itself.
23 error Tell the author that this fails on your system:
23 error     mocha
23 error You can get their info via:
23 error     npm owner ls massis_server
23 error There is likely additional logging output above.
24 verbose exit [ 1, true ]
